IGES to UG
! INFO-     NX V11.0 / IGES Specification 5.3
! INFO-      
! INFO-     Start of Translation: 9-MAY-2018  3:22:12 PM
! INFO-      
! STATUS-   Converting Part: C:\Users\Alejandro\OneDrive - Universidad Nacional de Colombia\Documents\Universidad - Mecatrónica\Semestre 10\Procesos de Manufactura II\NX11 Workspace\Proyecto\proyecto.igs
! SUMMARY-   
! SUMMARY-  Summary of Supported IGES Entities in file
! SUMMARY-   
! SUMMARY-  Entity Type                    Count
! SUMMARY-  -----------                    -----
! SUMMARY-  B-Spline Curve (126/0-4).....:   186
! SUMMARY-  B-Spline Surface (128/0-9)...:    72
! SUMMARY-  Color Definition (314/0,1)...:     1
! SUMMARY-  Name (406/15)................:     1
! SUMMARY-  Manifold Solid B-Rep (186/0).:     1
! SUMMARY-  Shell (514/*)................:     1
! SUMMARY-                                 -----
! SUMMARY-  Total                            262
! STATUS-    
! STATUS-   Converting to Output Form (Phase 2 of 3): 9-MAY-2018 3:22:12 PM
! STATUS-    
! STATUS-   Creating the UG part (Phase 3 of 3): 9-MAY-2018  3:22:12 PM
! STATUS-    
! STATUS-   Creating UG solid body from Input Ent Id 1
! STATUS-    
! STATUS-   simplifying Bsplines to analytics
! STATUS-    
! STATUS-   converting tolerant edges into exact edges
! STATUS-    
! STATUS-   doing final check of body to report any faults
! STATUS-    
! INFO-     Filing Part ..: C:\Users\Alejandro\OneDrive - Universidad Nacional de Colombia\Documents\Universidad - Mecatrónica\Semestre 10\Procesos de Manufactura II\NX11 Workspace\Proyecto\proyecto_igs.prt
! SUMMARY-   
! SUMMARY-  Summary of Unigraphics Input Entities
! SUMMARY-   
! SUMMARY-  Entities Processed             Count
! SUMMARY-  ------------------             -----
! SUMMARY-  Part Attribute ..............:     6
! SUMMARY-  Solid .......................:     1
! SUMMARY-                                 -----
! SUMMARY-  Total                              7
! INFO-      
! INFO-     End of Translation: 9-MAY-2018  3:22:16 PM
! INFO-      
